[2026-03-15T07:00:16.942Z] SUCCESS: Message sent to 28230333279945116. Content: We found a match for you. It's the Classic Denim J
[2026-03-15T07:01:00.968Z] SUCCESS: Message sent to 28230333279945116. Content: I understand you'd like to see images of the Class
[2026-03-15T07:04:48.919Z] SUCCESS: Message sent to 28230333279945116. Content: Thank you for sending the image! We found a match 
[2026-03-15T07:10:54.514Z] SUCCESS: Message sent to 28230333279945116. Content: We found a match for you! It's the Classic Denim J
[2026-03-15T07:11:37.630Z] SUCCESS: Message sent to 28230333279945116. Content: Here are the images we have for the Classic Denim 
[2026-03-15T07:18:54.984Z] SUCCESS: Message sent to 28230333279945116. Content: It's the Classic Denim Jacket from DenimCo, priced
[2026-03-15T07:22:41.034Z] SUCCESS: Message sent to 28230333279945116. Content: It's the Classic Denim Jacket, priced at 150. It's
[2026-03-15T07:27:27.611Z] SUCCESS: Message sent to 28230333279945116. Content: It's the Classic Denim Jacket, priced at 150. It's
[2026-03-15T07:27:29.743Z] SUCCESS: Image sent to 28230333279945116. URL: https://i.pinimg.com/736x/9e/04/e1/9e04e1aa507656d677877a9a23991386.jpg
[2026-03-15T07:27:32.509Z] SUCCESS: Image sent to 28230333279945116. URL: https://i.pinimg.com/736x/53/09/e6/5309e6b92f65c2fdd8f07afd7e54ef8d.jpg
[2026-03-15T07:27:35.226Z] SUCCESS: Image sent to 28230333279945116. URL: https://i.pinimg.com/1200x/bf/11/74/bf1174b812fb7cc9822851db7af61d7c.jpg
[2026-03-15T07:30:12.966Z] SUCCESS: Message sent to 26112440348397232. Content: Hey there! How can I help you today?
[2026-03-15T07:30:51.950Z] SUCCESS: Message sent to 26112440348397232. Content: Here are the details for the product you're intere
[2026-03-15T07:30:54.657Z] SUCCESS: Image sent to 26112440348397232. URL: https://i.pinimg.com/1200x/62/a5/54/62a554bdbcdf90673533c100acd94406.jpg
[2026-03-15T07:41:23.823Z] SUCCESS: Message sent to 26112440348397232. Content: I am checking your image, give me some time.
[2026-03-15T07:41:34.137Z] SUCCESS: Message sent to 26112440348397232. Content: Here are the details for the product you're intere
[2026-03-15T07:41:35.779Z] SUCCESS: Image sent to 26112440348397232. URL: https://i.pinimg.com/736x/9e/04/e1/9e04e1aa507656d677877a9a23991386.jpg
[2026-03-15T07:41:37.945Z] SUCCESS: Image sent to 26112440348397232. URL: https://i.pinimg.com/736x/53/09/e6/5309e6b92f65c2fdd8f07afd7e54ef8d.jpg
[2026-03-15T07:41:40.354Z] SUCCESS: Image sent to 26112440348397232. URL: https://i.pinimg.com/1200x/bf/11/74/bf1174b812fb7cc9822851db7af61d7c.jpg
[2026-03-15T08:28:20.101Z] SUCCESS: Message sent to 28230333279945116. Content: Yes, we do! We have the Classic Denim Jacket.

It 
[2026-03-15T08:28:22.013Z] SUCCESS: Image sent to 28230333279945116. URL: https://i.pinimg.com/736x/9e/04/e1/9e04e1aa507656d677877a9a23991386.jpg
[2026-03-15T08:28:24.293Z] SUCCESS: Image sent to 28230333279945116. URL: https://i.pinimg.com/736x/53/09/e6/5309e6b92f65c2fdd8f07afd7e54ef8d.jpg
[2026-03-15T08:28:26.809Z] SUCCESS: Image sent to 28230333279945116. URL: https://i.pinimg.com/1200x/bf/11/74/bf1174b812fb7cc9822851db7af61d7c.jpg
[2026-03-15T08:29:07.498Z] SUCCESS: Message sent to 28230333279945116. Content: I apologize, but I do not have the product ID for 
[2026-03-15T08:30:23.525Z] SUCCESS: Message sent to 28230333279945116. Content: I apologize, but as an AI assistant, I do not have
[2026-03-15T08:33:46.999Z] SUCCESS: Message sent to 28230333279945116. Content: I'm sorry, but I don't have any denim products ava
[2026-03-15T08:40:36.045Z] SUCCESS: Message sent to 28230333279945116. Content: Yes, we do! We have a few denim products available
[2026-03-15T08:40:38.211Z] SUCCESS: Image sent to 28230333279945116. URL: https://i.pinimg.com/736x/9e/04/e1/9e04e1aa507656d677877a9a23991386.jpg
[2026-03-15T08:40:40.767Z] SUCCESS: Image sent to 28230333279945116. URL: https://i.pinimg.com/736x/53/09/e6/5309e6b92f65c2fdd8f07afd7e54ef8d.jpg
[2026-03-15T08:40:43.298Z] SUCCESS: Image sent to 28230333279945116. URL: https://i.pinimg.com/1200x/bf/11/74/bf1174b812fb7cc9822851db7af61d7c.jpg
[2026-03-15T08:40:45.936Z] SUCCESS: Image sent to 28230333279945116. URL: https://i.pinimg.com/1200x/62/a5/54/62a554bdbcdf90673533c100acd94406.jpg
[2026-03-15T08:41:27.196Z] SUCCESS: Message sent to 28230333279945116. Content: I am checking your image, give me some time.
[2026-03-15T08:41:39.910Z] SUCCESS: Message sent to 28230333279945116. Content: We found this product for you:

Classic Denim Jack
[2026-03-15T08:41:42.420Z] SUCCESS: Image sent to 28230333279945116. URL: https://i.pinimg.com/736x/9e/04/e1/9e04e1aa507656d677877a9a23991386.jpg
[2026-03-15T08:41:44.660Z] SUCCESS: Image sent to 28230333279945116. URL: https://i.pinimg.com/736x/53/09/e6/5309e6b92f65c2fdd8f07afd7e54ef8d.jpg
[2026-03-15T08:41:47.099Z] SUCCESS: Image sent to 28230333279945116. URL: https://i.pinimg.com/1200x/bf/11/74/bf1174b812fb7cc9822851db7af61d7c.jpg
[2026-03-15T09:12:56.613Z] SUCCESS: Message sent to 28230333279945116. Content: That's wonderful! You're making an excellent choic
[2026-03-15T09:12:58.489Z] SUCCESS: Image sent to 28230333279945116. URL: https://i.pinimg.com/736x/9e/04/e1/9e04e1aa507656d677877a9a23991386.jpg
[2026-03-15T09:13:00.933Z] SUCCESS: Image sent to 28230333279945116. URL: https://i.pinimg.com/736x/53/09/e6/5309e6b92f65c2fdd8f07afd7e54ef8d.jpg
[2026-03-15T09:13:03.507Z] SUCCESS: Image sent to 28230333279945116. URL: https://i.pinimg.com/1200x/bf/11/74/bf1174b812fb7cc9822851db7af61d7c.jpg
[2026-03-15T09:13:06.563Z] SUCCESS: Image sent to 28230333279945116. URL: https://i.pinimg.com/1200x/36/dc/68/36dc68978b10309a69cddae6e9962abc.jpg
[2026-03-15T09:22:53.235Z] SUCCESS: Message sent to 28230333279945116. Content: That's excellent! The Organic Cotton T-Shirt is a 
[2026-03-15T09:22:54.194Z] SUCCESS: Message sent to 28230333279945116. Content: Considering your excellent taste, you might also b
[2026-03-15T09:22:56.167Z] SUCCESS: Image sent to 28230333279945116. URL: https://i.pinimg.com/1200x/86/78/2a/86782ac9d7ec8a54f7e97aa443a94857.jpg
[2026-03-15T10:16:13.693Z] SUCCESS: Message sent to 26112440348397232. Content: Hey there! While 'hey' didn't match a specific pro
[2026-03-15T10:16:14.347Z] SUCCESS: Message sent to 26112440348397232. Content: Hey! I'm doing great, thanks for asking! Always ha
[2026-03-15T10:16:15.262Z] SUCCESS: Message sent to 26112440348397232. Content: If you're looking for something comfortable and fu
[2026-03-15T10:16:16.295Z] SUCCESS: Image sent to 26112440348397232. URL: https://i.pinimg.com/736x/1f/e5/17/1fe5175e160e4e3d66f584796376e751.jpg
[2026-03-15T10:16:17.118Z] SUCCESS: Image sent to 26112440348397232. URL: https://i.pinimg.com/736x/1f/e5/17/1fe5175e160e4e3d66f584796376e751.jpg
[2026-03-15T10:16:19.124Z] SUCCESS: Image sent to 26112440348397232. URL: https://i.pinimg.com/1200x/0f/64/11/0f64112a3b7aedfad19b016e2e97dc74.jpg
[2026-03-15T10:39:04.386Z] SUCCESS: Message sent to 28230333279945116. Content: Hello! Welcome back. How can I assist you further 
[2026-03-15T10:39:04.790Z] SUCCESS: Message sent to 28230333279945116. Content: Hello there! I'm doing great, thank you.

How can 
[2026-03-15T10:43:53.796Z] SUCCESS: Message sent to 28230333279945116. Content: I am checking your image, give me some time.
[2026-03-15T10:43:57.351Z] SUCCESS: Message sent to 28230333279945116. Content: ⚠️ You've been temporarily blocked for 10 minutes 
[2026-03-15T10:44:05.398Z] SUCCESS: Message sent to 28230333279945116. Content: Thank you for sharing that image!

To assist you b
[2026-03-15T10:44:06.973Z] SUCCESS: Message sent to 28230333279945116. Content: Hello there! It seems you might be trying to share
[2026-03-15T10:44:11.709Z] SUCCESS: Message sent to 28230333279945116. Content: Ah, an excellent choice! It looks like you're inte
[2026-03-15T10:44:14.504Z] SUCCESS: Image sent to 28230333279945116. URL: https://i.pinimg.com/1200x/13/bd/b0/13bdb00e501b06b1ecfa1b73aabe6420.jpg
[2026-03-15T10:44:16.031Z] SUCCESS: Message sent to 28230333279945116. Content: For a versatile look that transitions effortlessly
[2026-03-15T10:44:17.253Z] SUCCESS: Message sent to 28230333279945116. Content: Thank you for sharing that image! It looks like yo
[2026-03-15T10:44:18.294Z] SUCCESS: Message sent to 28230333279945116. Content: Thank you for sharing that image! It appears you'r
[2026-03-15T10:44:18.670Z] SUCCESS: Image sent to 28230333279945116. URL: https://i.pinimg.com/736x/9e/04/e1/9e04e1aa507656d677877a9a23991386.jpg
[2026-03-15T10:44:19.584Z] SUCCESS: Message sent to 28230333279945116. Content: To complement the sophisticated style of the Merin
[2026-03-15T10:44:20.276Z] SUCCESS: Image sent to 28230333279945116. URL: https://i.pinimg.com/1200x/13/bd/b0/13bdb00e501b06b1ecfa1b73aabe6420.jpg
[2026-03-15T10:44:21.780Z] SUCCESS: Message sent to 28230333279945116. Content: For a stylish layer, perhaps for after your workou
[2026-03-15T10:44:24.182Z] SUCCESS: Image sent to 28230333279945116. URL: https://i.pinimg.com/736x/9e/04/e1/9e04e1aa507656d677877a9a23991386.jpg
[2026-03-15T10:44:26.709Z] SUCCESS: Message sent to 28230333279945116. Content: Thank you for sharing that image! I've found a fan
[2026-03-15T10:44:28.832Z] SUCCESS: Image sent to 28230333279945116. URL: https://i.pinimg.com/1200x/13/bd/b0/13bdb00e501b06b1ecfa1b73aabe6420.jpg
[2026-03-15T10:44:30.368Z] SUCCESS: Message sent to 28230333279945116. Content: You might also be interested in our Classic Denim 
[2026-03-15T10:44:33.088Z] SUCCESS: Image sent to 28230333279945116. URL: https://i.pinimg.com/736x/9e/04/e1/9e04e1aa507656d677877a9a23991386.jpg
[2026-03-15T10:46:11.971Z] SUCCESS: Message sent to 28230333279945116. Content: ⚠️ You are currently blocked for 8 more minute(s) 
[2026-03-15T10:50:46.065Z] SUCCESS: Message sent to 28230333279945116. Content: Hello there! Welcome to Frooxi. How may I assist y
[2026-03-15T10:51:02.712Z] SUCCESS: Message sent to 28230333279945116. Content: ⚠️ You've been temporarily blocked for 10 minutes 
[2026-03-15T10:51:03.454Z] SUCCESS: Message sent to 28230333279945116. Content: ⚠️ You are currently blocked for 10 more minute(s)
[2026-03-15T10:51:04.493Z] SUCCESS: Message sent to 28230333279945116. Content: Hello! It looks like you're interested in somethin
[2026-03-15T10:51:04.870Z] SUCCESS: Message sent to 28230333279945116. Content: ⚠️ You are currently blocked for 10 more minute(s)
[2026-03-15T10:51:06.066Z] SUCCESS: Message sent to 28230333279945116. Content: Hello there! It seems you typed "A". Could you ple
[2026-03-15T10:51:08.995Z] SUCCESS: Message sent to 28230333279945116. Content: Hello there! How can I help you today? Are you loo
[2026-03-15T10:51:09.306Z] SUCCESS: Message sent to 28230333279945116. Content: Hello again! It seems you're trying to tell me som
[2026-03-15T11:16:21.618Z] SUCCESS: Message sent to 28230333279945116. Content: Hello there! Welcome to Frooxi. How may I assist y
[2026-03-15T11:46:53.232Z] SUCCESS: Message sent to 28230333279945116. Content: Hello! Welcome to Frooxi. How can I help you disco
[2026-03-15T11:47:53.826Z] SUCCESS: Message sent to 28230333279945116. Content: Certainly, we have some premium activewear options
[2026-03-15T11:47:56.570Z] SUCCESS: Image sent to 28230333279945116. URL: https://i.pinimg.com/1200x/13/bd/b0/13bdb00e501b06b1ecfa1b73aabe6420.jpg
[2026-03-15T11:47:58.078Z] SUCCESS: Message sent to 28230333279945116. Content: To complement your fitness wardrobe, we also sugge
[2026-03-15T11:48:00.401Z] SUCCESS: Image sent to 28230333279945116. URL: https://i.pinimg.com/736x/1f/e5/17/1fe5175e160e4e3d66f584796376e751.jpg
[2026-03-15T18:14:38.898Z] SUCCESS: Message sent to 28230333279945116. Content: Hello again! Welcome back to Frooxi. How can I ass
[2026-03-15T18:18:13.082Z] SUCCESS: Message sent to 28230333279945116. Content: I am checking your image, give me some time.
[2026-03-15T18:18:29.322Z] SUCCESS: Message sent to 28230333279945116. Content: Ah, it looks like you've found our stylish Classic
[2026-03-15T18:18:32.216Z] SUCCESS: Image sent to 28230333279945116. URL: https://i.pinimg.com/736x/9e/04/e1/9e04e1aa507656d677877a9a23991386.jpg
[2026-03-15T18:18:33.711Z] SUCCESS: Message sent to 28230333279945116. Content: To complete your denim ensemble, may I suggest our
[2026-03-15T18:18:35.844Z] SUCCESS: Image sent to 28230333279945116. URL: https://i.pinimg.com/1200x/62/a5/54/62a554bdbcdf90673533c100acd94406.jpg
[2026-03-15T18:27:08.973Z] SUCCESS: Message sent to 28230333279945116. Content: I am checking your image, give me some time.
[2026-03-15T18:27:41.586Z] SUCCESS: Message sent to 28230333279945116. Content: Excellent choice! You're looking at our stylish Di
[2026-03-15T18:27:43.415Z] SUCCESS: Message sent to 28230333279945116. Content: For another versatile outerwear option that comple
[2026-03-15T18:27:46.003Z] SUCCESS: Batch images sent to 28230333279945116. Count: 1
[2026-03-15T18:29:40.087Z] SUCCESS: Message sent to 28230333279945116. Content: Certainly! Here are the images for the Classic Den
[2026-03-15T18:29:42.736Z] SUCCESS: Batch images sent to 28230333279945116. Count: 3
[2026-03-15T18:50:50.039Z] SUCCESS: Message sent to 28230333279945116. Content: Wonderful! The Classic Denim Jacket is an excellen
[2026-03-15T18:50:51.586Z] SUCCESS: Message sent to 28230333279945116. Content: To complete your look, may I suggest our Organic C
[2026-03-15T18:50:53.931Z] SUCCESS: Batch images sent to 28230333279945116. Count: 1
[2026-03-15T19:39:58.655Z] SUCCESS: Message sent to 34090639363916873. Content: Hello! Welcome to Frooxi. How can I assist you tod
[2026-03-15T19:41:16.166Z] SUCCESS: Message sent to 34090639363916873. Content: Wonderful choice! Our Classic Denim Jacket is a ti
[2026-03-15T19:41:18.675Z] SUCCESS: Batch images sent to 34090639363916873. Count: 3
[2026-03-15T19:41:19.376Z] SUCCESS: Message sent to 34090639363916873. Content: Perhaps you'd also be interested in our Organic Co
[2026-03-15T19:41:21.484Z] SUCCESS: Batch images sent to 34090639363916873. Count: 1
[2026-03-15T19:42:43.586Z] SUCCESS: Message sent to 34090639363916873. Content: Certainly! Here are all the details for our Classi
[2026-03-15T19:42:45.822Z] SUCCESS: Batch images sent to 34090639363916873. Count: 3
[2026-03-15T19:42:46.419Z] SUCCESS: Message sent to 34090639363916873. Content: You might also like our Merino Wool Turtleneck Swe
[2026-03-15T19:42:48.709Z] SUCCESS: Batch images sent to 34090639363916873. Count: 1
[2026-03-15T19:44:52.208Z] SUCCESS: Message sent to 34090639363916873. Content: Excellent choice! To proceed with your purchase of
[2026-03-15T19:44:53.649Z] SUCCESS: Message sent to 34090639363916873. Content: You might also be interested in our Organic Cotton
[2026-03-15T19:44:55.753Z] SUCCESS: Batch images sent to 34090639363916873. Count: 1
[2026-03-15T19:46:33.080Z] SUCCESS: Message sent to 34090639363916873. Content: Thank you for providing all the details, Tanvir! Y
[2026-03-15T19:46:36.010Z] SUCCESS: Message sent to 34090639363916873. Content: To complete your look with the new denim jacket, y
[2026-03-15T19:46:37.326Z] ERROR: Batch images to 34090639363916873 failed. Error: (#100) Upload attachment failure.
[2026-03-15T19:46:37.798Z] ERROR: Image to 34090639363916873 failed. Error: (#100) Upload attachment failure.. URL: https://example.com/chinos.jpg
[2026-03-15T19:47:55.380Z] SUCCESS: Message sent to 34090639363916873. Content: Certainly, Tanvir! We can definitely update your o
[2026-03-15T19:47:56.463Z] SUCCESS: Message sent to 34090639363916873. Content: You might also be interested in our Merino Wool Tu
[2026-03-15T19:47:58.533Z] SUCCESS: Batch images sent to 34090639363916873. Count: 1
[2026-03-15T19:49:25.046Z] SUCCESS: Message sent to 34090639363916873. Content: Thank you, Tanvir! Your updated order for 3 Classi
[2026-03-15T19:49:26.162Z] SUCCESS: Message sent to 34090639363916873. Content: Considering your interest in quality apparel, you 
[2026-03-15T19:49:28.454Z] SUCCESS: Batch images sent to 34090639363916873. Count: 1
[2026-03-15T19:58:54.196Z] SUCCESS: Message sent to 28230333279945116. Content: Hello! It sounds like you're ready to make the Cla
[2026-03-15T19:58:55.563Z] SUCCESS: Message sent to 28230333279945116. Content: For a sophisticated layering piece that pairs beau
[2026-03-15T19:58:57.688Z] SUCCESS: Batch images sent to 28230333279945116. Count: 1
[2026-03-15T20:01:06.284Z] SUCCESS: Message sent to 28230333279945116. Content: Hello! Thank you for reaching out.

Currently, we 
[2026-03-15T20:01:42.944Z] SUCCESS: Message sent to 28230333279945116. Content: Yes, we do have some excellent options for bottoms
[2026-03-15T20:01:46.244Z] SUCCESS: Batch images sent to 28230333279945116. Count: 2
[2026-03-15T20:01:47.014Z] SUCCESS: Message sent to 28230333279945116. Content: To complete your outfit with a comfortable top, ma
[2026-03-15T20:01:48.108Z] ERROR: Batch images to 28230333279945116 failed. Error: (#100) The media server does not allow downloading of the media due to robots.txt. If you control the server, consider allow-listing Meta's user agent for the media path.
[2026-03-15T20:01:48.642Z] ERROR: Image to 28230333279945116 failed. Error: (#100) The media server does not allow downloading of the media due to robots.txt. If you control the server, consider allow-listing Meta's user agent for the media path.. URL: https://i.pinimg.com/1200x/36/dc/68/36dc68978b10309a69cddae6e992abc.jpg
[2026-03-15T20:09:14.541Z] SUCCESS: Message sent to 28230333279945116. Content: Hello there! Welcome to Frooxi. I'm your Senior Sa
[2026-03-15T20:09:49.958Z] SUCCESS: Message sent to 28230333279945116. Content: Yes, we do! We have the Classic Denim Jacket. It's
[2026-03-15T20:09:52.432Z] SUCCESS: Batch images sent to 28230333279945116. Count: 3
[2026-03-15T20:09:53.097Z] SUCCESS: Message sent to 28230333279945116. Content: To complete your look, you might also be intereste
[2026-03-15T20:09:55.083Z] SUCCESS: Batch images sent to 28230333279945116. Count: 1
[2026-03-15T20:15:24.097Z] SUCCESS: Message sent to 34090639363916873. Content: I am checking your image, give me some time.
[2026-03-15T20:15:39.974Z] SUCCESS: Message sent to 34090639363916873. Content: Hello! You're looking at our stylish Distressed Ri
[2026-03-15T20:15:42.210Z] SUCCESS: Batch images sent to 34090639363916873. Count: 1
[2026-03-15T20:15:42.264Z] SUCCESS: Message sent to 34090639363916873. Content: Welcome to Frooxi! You're looking at our Classic D
[2026-03-15T20:15:42.864Z] SUCCESS: Message sent to 34090639363916873. Content: Please let me know if you have any other questions
[2026-03-15T20:15:45.450Z] SUCCESS: Batch images sent to 34090639363916873. Count: 3
[2026-03-15T20:15:46.057Z] SUCCESS: Message sent to 34090639363916873. Content: Perhaps you'd also be interested in our Distressed
[2026-03-15T20:15:48.073Z] SUCCESS: Batch images sent to 34090639363916873. Count: 1
[2026-03-15T20:16:56.880Z] SUCCESS: Message sent to 34090639363916873. Content: Excellent choice! The Classic Denim Jacket is a ve
[2026-03-15T20:17:59.493Z] SUCCESS: Message sent to 34090639363916873. Content: Thank you, Tanvir! We have all the details for you
[2026-03-15T20:18:43.708Z] SUCCESS: Message sent to 34090639363916873. Content: Certainly, Tanvir. Here are the pricing details fo
[2026-03-15T20:20:03.691Z] SUCCESS: Message sent to 34090639363916873. Content: Certainly, Tanvir. I can update your order for the
[2026-03-15T20:20:40.488Z] SUCCESS: Message sent to 34090639363916873. Content: Understood, Tanvir. Your order for the Classic Den
[2026-03-15T20:21:09.357Z] SUCCESS: Message sent to 34090639363916873. Content: Let's finish this order first, then I can help you
[2026-03-15T20:21:43.636Z] SUCCESS: Message sent to 34090639363916873. Content: My apologies for the confusion, Tanvir. To finaliz
[2026-03-15T20:23:04.626Z] SUCCESS: Message sent to 34090639363916873. Content: Thank you for providing all the details, Tanvir! Y
[2026-03-15T20:23:51.399Z] SUCCESS: Message sent to 34090639363916873. Content: My apologies, Tanvir. I'm unable to find a "cotton
[2026-03-15T20:24:26.548Z] SUCCESS: Message sent to 34090639363916873. Content: I'm sorry, Tanvir, but I cannot find an 'organic c
[2026-03-15T20:24:53.334Z] SUCCESS: Message sent to 34090639363916873. Content: I am checking your image, give me some time.
[2026-03-15T20:25:11.490Z] SUCCESS: Message sent to 34090639363916873. Content: Thank you for sending the image, Tanvir. I'm afrai
[2026-03-15T22:13:04.473Z] SUCCESS: Message sent to 34090639363916873. Content: Hello there! Welcome to Frooxi.

How can I assist 
[2026-03-15T22:13:30.458Z] SUCCESS: Message sent to 34090639363916873. Content: Yes, we do! We have the Classic Denim Jacket.

It 
[2026-03-15T22:13:32.557Z] SUCCESS: Batch images sent to 34090639363916873. Count: 1
[2026-03-15T22:13:33.199Z] SUCCESS: Message sent to 34090639363916873. Content: You might also like our Distressed Ripped Jeans fo
[2026-03-15T22:13:35.247Z] SUCCESS: Batch images sent to 34090639363916873. Count: 1
[2026-03-15T22:21:08.268Z] SUCCESS: Message sent to 34090639363916873. Content: Yes, we have the Classic Denim Jacket. It's availa
[2026-03-15T22:21:11.073Z] SUCCESS: Batch images sent to 34090639363916873. Count: 3
[2026-03-15T22:21:45.006Z] SUCCESS: Message sent to 34090639363916873. Content: Great! To complete your purchase for the Classic D
[2026-03-15T22:23:01.369Z] SUCCESS: Message sent to 34090639363916873. Content: Thanks, Tanvir! Got all your details. Confirming o
[2026-03-16T05:37:41.981Z] SUCCESS: Message sent to 28230333279945116. Content: Hello there! How can I assist you today?
[2026-03-16T05:38:31.725Z] SUCCESS: Message sent to 28230333279945116. Content: We have the Performance Running Shorts for 4907 BD
[2026-03-16T05:38:33.897Z] SUCCESS: Batch images sent to 28230333279945116. Count: 1
[2026-03-16T05:39:16.001Z] SUCCESS: Message sent to 28230333279945116. Content: I could not find that item.
[2026-03-16T05:39:56.831Z] SUCCESS: Message sent to 28230333279945116. Content: My apologies for the confusion. Yes, the Performan
[2026-03-16T05:39:58.219Z] SUCCESS: Message sent to 28230333279945116. Content: I could not find any suggestions for this item.
[2026-03-16T05:40:41.924Z] SUCCESS: Message sent to 28230333279945116. Content: Great! To get the Performance Running Shorts in si
[2026-03-16T05:42:05.600Z] SUCCESS: Message sent to 28230333279945116. Content: Thank you, Tanvir! I have all the details now for 
[2026-03-16T05:51:22.376Z] SUCCESS: Message sent to 28230333279945116. Content: Certainly, Tanvir! I've updated your order to incl
[2026-03-16T05:52:34.327Z] SUCCESS: Message sent to 28230333279945116. Content: Certainly, Tanvir! Let's finalize the order for th
[2026-03-16T05:53:37.055Z] SUCCESS: Message sent to 28230333279945116. Content: Wonderful, Tanvir! Your order for the Performance 
[2026-03-18T05:29:18.338Z] SUCCESS: Message sent to 34090639363916873. Content: Hello there! Welcome to Frooxi. How can I assist y
[2026-03-18T05:29:56.566Z] SUCCESS: Message sent to 34090639363916873. Content: Certainly! The Classic Denim Jacket is a great cho
[2026-03-18T05:29:58.418Z] SUCCESS: Batch images sent to 34090639363916873. Count: 1
[2026-03-18T05:30:50.383Z] SUCCESS: Message sent to 34090639363916873. Content: I'm sorry, I couldn't find the Classic Denim Jacke
[2026-03-18T05:31:34.545Z] SUCCESS: Message sent to 34090639363916873. Content: My apologies for the confusion earlier! You absolu
[2026-03-18T05:31:36.811Z] SUCCESS: Batch images sent to 34090639363916873. Count: 3
[2026-03-18T05:58:12.672Z] SUCCESS: Message sent to 34090639363916873. Content: Hello there! How can I help you today?
[2026-03-18T05:58:46.400Z] SUCCESS: Message sent to 34090639363916873. Content: Certainly! We have the Classic Denim Jacket availa
[2026-03-18T05:58:48.800Z] SUCCESS: Batch images sent to 34090639363916873. Count: 1
[2026-03-18T05:59:30.333Z] SUCCESS: Message sent to 34090639363916873. Content: I apologize, I don't seem to have additional photo
[2026-03-18T06:41:41.059Z] SUCCESS: Message sent to 34090639363916873. Content: Hello there! Welcome to Frooxi. How can I assist y
[2026-03-18T06:42:00.048Z] SUCCESS: Message sent to 34090639363916873. Content: Great choice! We have the Classic Denim Jacket. It
[2026-03-18T06:42:01.873Z] SUCCESS: Batch images sent to 34090639363916873. Count: 1
[2026-03-18T06:42:29.139Z] SUCCESS: Message sent to 34090639363916873. Content: Absolutely! Here are more photos of the Classic De
[2026-03-18T06:42:31.172Z] SUCCESS: Batch images sent to 34090639363916873. Count: 3
[2026-03-18T06:43:34.919Z] SUCCESS: Message sent to 34090639363916873. Content: Excellent! Size S, great choice for the Classic De
[2026-03-18T06:44:27.797Z] SUCCESS: Message sent to 34090639363916873. Content: Thank you, Tanvir! I have your name, phone number,
[2026-03-18T06:45:14.327Z] SUCCESS: Message sent to 34090639363916873. Content: Perfect, Tanvir! Thank you for confirming the full
[2026-03-18T06:46:39.868Z] SUCCESS: Message sent to 34090639363916873. Content: Wonderful, Tanvir! Your order for 2 Classic Denim 
[2026-03-18T06:47:26.768Z] SUCCESS: Message sent to 34090639363916873. Content: We're just finalizing your Classic Denim Jacket or
[2026-03-18T06:51:46.187Z] SUCCESS: Message sent to 34090639363916873. Content: Yes, we certainly do! We have the elegant Organic 
[2026-03-18T06:51:48.750Z] SUCCESS: Batch images sent to 34090639363916873. Count: 1
[2026-03-18T09:00:09.205Z] SUCCESS: Message sent to 34090639363916873. Content: Hey Tanvir! We saved your cart with the Classic De
[2026-03-18T09:00:10.985Z] SUCCESS: Message sent to 34090639363916873. Content: Hey Tanvir! We saved your cart with the Classic De
[2026-03-18T09:49:29.168Z] SUCCESS: Message sent to 34090639363916873. Content: Hello there! How may I assist you today?
[2026-03-18T09:50:00.891Z] SUCCESS: Message sent to 34090639363916873. Content: Yes, we do! We have the Organic Cotton T-Shirt for
[2026-03-18T09:50:02.998Z] SUCCESS: Batch images sent to 34090639363916873. Count: 1
[2026-03-18T11:33:17.754Z] SUCCESS: Message sent to 34090639363916873. Content: Yes, I'm right here! How can I help you further wi
[2026-03-18T11:33:52.251Z] SUCCESS: Message sent to 26112440348397232. Content: Hello there! Yes, I'm here. How can I assist you t
[2026-03-18T18:56:46.970Z] SUCCESS: Message sent to 28230333279945116. Content: Certainly! To help you place an order, could you p
[2026-03-18T18:57:29.784Z] SUCCESS: Message sent to 28230333279945116. Content: I can help with that. Which product are you lookin
[2026-03-18T19:07:38.168Z] SUCCESS: Message sent to 28230333279945116. Content: My apologies for the confusion. To help you place 
[2026-03-18T19:15:44.543Z] SUCCESS: Message sent to 28230333279945116. Content: Hi Customer 2823! We offer 7-day return policy for
[2026-03-18T19:16:38.804Z] SUCCESS: Message sent to 28230333279945116. Content: Hi Customer 2823! Yes, we guarantee 100% original 
[2026-03-18T19:17:34.774Z] SUCCESS: Message sent to 28230333279945116. Content: Hi Customer 2823! Delivery charges vary by locatio
[2026-03-18T19:18:15.454Z] SUCCESS: Message sent to 28230333279945116. Content: Yes, we do! We have the Floral Print Maxi Dress. I
[2026-03-18T19:18:15.692Z] SUCCESS: Message sent to 28230333279945116. Content: Would you like to know more about this dress?
[2026-03-18T19:18:17.860Z] SUCCESS: Batch images sent to 28230333279945116. Count: 1
[2026-03-18T19:18:59.826Z] SUCCESS: Message sent to 28230333279945116. Content: I apologize, but I couldn't find the Floral Print 
[2026-03-18T19:19:50.970Z] SUCCESS: Message sent to 28230333279945116. Content: I see you want to order the Floral Print Maxi Dres
[2026-03-18T19:21:15.593Z] SUCCESS: Message sent to 28230333279945116. Content: My sincerest apologies for the confusion, Customer
[2026-03-18T19:21:51.090Z] SUCCESS: Message sent to 28230333279945116. Content: Yes, we do have some great denim items. We have th
[2026-03-18T19:21:55.434Z] SUCCESS: Batch images sent to 28230333279945116. Count: 4
[2026-03-18T19:22:29.416Z] SUCCESS: Message sent to 28230333279945116. Content: Excellent choice! The Distressed Ripped Jeans are 
[2026-03-18T19:22:29.626Z] SUCCESS: Message sent to 28230333279945116. Content: Which size would you like to grab?
[2026-03-18T19:22:31.568Z] SUCCESS: Batch images sent to 28230333279945116. Count: 1
[2026-03-18T19:24:12.000Z] SUCCESS: Message sent to 28230333279945116. Content: Hi Customer 2823! Each product has a size chart in
[2026-03-18T19:25:16.825Z] SUCCESS: Message sent to 28230333279945116. Content: Thank you for providing your order details, Tanvir
[2026-03-23T13:41:36.408Z] SUCCESS: Message sent to 28230333279945116. Content: Hello! Welcome to Frooxi. How may I assist you tod
[2026-03-23T13:42:04.347Z] SUCCESS: Message sent to 28230333279945116. Content: I am checking your images, give me some time.
[2026-03-23T13:42:23.208Z] SUCCESS: Message sent to 28230333279945116. Content: Thanks for sharing that image! What can I tell you
[2026-03-24T02:29:54.831Z] SUCCESS: Message sent to 28230333279945116. Content: Hello again! I'm here to help. You're interested i
[2026-03-24T02:31:28.401Z] SUCCESS: Message sent to 28230333279945116. Content: I am checking your images, give me some time.
[2026-03-24T02:32:08.553Z] SUCCESS: Message sent to 28230333279945116. Content: Thanks for the image! You're interested in our Org
[2026-03-24T02:32:12.151Z] SUCCESS: Batch images sent to 28230333279945116. Count: 1
[2026-03-24T02:34:46.322Z] SUCCESS: Message sent to 28230333279945116. Content: Hi Customer 2823! 👋 I'm sorry, but our Visual Age
[2026-03-24T04:59:51.262Z] SUCCESS: Message sent to 28230333279945116. Content: Hi Customer 2823! 👋 i am offline currently ..!!
[2026-03-24T05:02:15.028Z] SUCCESS: Message sent to 28230333279945116. Content: Hi Customer 2823! 👋 text agent is in active
[2026-03-26T02:10:02.416Z] SUCCESS: Message sent to 28230333279945116. Content: text agent is inactive , frooxi admin will be avai
[2026-03-26T02:10:48.467Z] SUCCESS: Message sent to 28230333279945116. Content: Hello there! How can I assist you today?
[2026-03-26T02:11:30.975Z] SUCCESS: Message sent to 28230333279945116. Content: Hello! Yes, we do have t-shirts. We have the EcoWe
[2026-03-26T02:11:32.845Z] SUCCESS: Batch images sent to 28230333279945116. Count: 1
[2026-03-26T02:16:45.218Z] SUCCESS: Message sent to 28230333279945116. Content: Oh, my apologies for the mix-up earlier! It looks 
[2026-03-26T02:17:57.360Z] SUCCESS: Message sent to 28230333279945116. Content: Inside Dhaka delivery is 70 BDT, and Outside Dhaka
[2026-03-26T02:18:51.592Z] SUCCESS: Message sent to 34090639363916873. Content: Inside Dhaka delivery is 70 BDT, and outside Dhaka
[2026-03-26T02:25:45.194Z] SUCCESS: Message sent to 34090639363916873. Content: Inside Dhaka means deliveries within the Dhaka Cit
[2026-03-26T02:26:32.450Z] SUCCESS: Message sent to 34090639363916873. Content: You're very welcome! Glad I could help clear that 
[2026-03-26T02:43:38.072Z] SUCCESS: Message sent to 34090639363916873. Content: Would you like to know more about this jacket?
[2026-03-26T02:43:38.211Z] SUCCESS: Message sent to 34090639363916873. Content: Yes, we do! We have the Classic Denim Jacket. It's
[2026-03-26T02:43:40.924Z] SUCCESS: Batch images sent to 34090639363916873. Count: 3
[2026-03-26T02:44:33.182Z] SUCCESS: Message sent to 34090639363916873. Content: I'm sorry, but I couldn't find the Classic Denim J
[2026-03-26T03:10:48.736Z] SUCCESS: Message sent to 34090639363916873. Content: It's made from Cotton/Elastane. Which size were yo
[2026-03-26T03:11:14.684Z] SUCCESS: Message sent to 34090639363916873. Content: We have 150 Classic Denim Jackets in stock. It's m
[2026-03-26T03:11:28.458Z] SUCCESS: Message sent to 34090639363916873. Content: I'm still unable to find the stock quantity for th
